340
RE 279
ER 270
EN 267
UE 261
ES 258
LA 258
NO 253
AD 252
QU 223
OS 214
AS 212
RA 211
DE 194
DO 188
NA 183
MA 164
AR 162
LO 161
VI 159
DR 158
ON 150
AN 147
IE 146
TE 141
AL 139
NT 138
CO 136
EL 135
CA 121
LE 121
DA 116
OR 109
PA 109
TA 108
OV 105
SE 104
VE 104
LL 103
SA 100
ND 99
ME 96
ST 93
IA 90
MU 89
IN 87
IO 87
TO 87
RO 86
UN 86
HA 83
AB 77
RI 69
SU 68
BA 67
DI 66
TR 65
EC 64
MO 64
JE 63
CI 62
CH 58
MI 58
TI 58
GR 57
EG 56
AC 55
RD 55
SO 55
PO 53
UJ 53
OM 52
VA 52
SI 51
UI 51
CE 49
ED 49
PE 48
NE 47
HO 43
US 42
CU 41
NI 41
RT 40
TU 40
JO 39
UÈ 39
EO 38
AM 37
ID 37
ÒO 37
IS 36
PR 36
JA 35
GA 34
GU 33
UA 33
BE 32
CR 32
GO 32
OL 32
IR 31
IÒ 31
MP 31
ÌA 31
ÒA 31
AJ 30
RM 30
YO 30
BR 29
EV 29
RR 28
HE 27
HI 27
IJ 26
LI 26
NC 26
OD 26
PU 26
AT 25
IL 25
PI 25
RÌ 25
SÌ 25
BI 24
T· 24
UC 24
ET 23
IG 23
VO 23
EJ 22
NG 22
·S 22
AY 21
AÒ 21
BU 21
DU 21
EM 19
IT 19
SC 19
·N 19
MB 18
ÛN 18
AZ 17
FU 17
M· 17
T˙ 17
AG 16
OC 16
OY 16
YA 16
AV 15
IÈ 14
OT 14
ÈN 14
ÈR 14
AP 13
IC 13
R· 13
RÈ 13
SP 13
BL 12
BO 12
EÒ 12
GE 12
IM 12
IV 12
IÛ 12
ZO 12
AU 11
CÛ 11
NS 11
RL 11
UV 11
AQ 10
EB 10
EZ 10
FR 10
MÌ 10
PL 10
JU 9
LU 9
LÌ 9
RG 9
UR 9
UY 9
ÈL 9
ÛM 9
AH 8
CL 8
EA 8
FA 8
LT 8
RC 8
SÈ 8
UÌ 8
ZA 8
HU 7
OJ 7
RQ 7
RS 7
RU 7
UB 7
UL 7
ÌO 7
AE 6
DÈ 6
EI 6
FO 6
LD 6
LG 6
LV 6
NU 6
OG 6
OP 6
UD 6
UM 6
ÛS 6
DÛ 5
FÈ 5
IB 5
IX 5
NF 5
OB 5
RB 5
RP 5
U· 5
ZÛ 5
ÈI 5
C· 4
CÌ 4
EF 4
EQ 4
FE 4
FI 4
FL 4
LC 4
LM 4
NM 4
NV 4
UT 4
UÒ 4
VU 4
YE 4
BÌ 3
DÌ 3
II 3
IZ 3
JI 3
LÛ 3
MÛ 3
RN 3
RÛ 3
SÛ 3
TÛ 3
UP 3
·R 3
ÈJ 3
AF 2
BÈ 2
CT 2
CÈ 2
EE 2
EP 2
GI 2
IQ 2
JÈ 2
LB 2
NQ 2
NR 2
OZ 2
P· 2
RZ 2
SF 2
SM 2
SQ 2
S· 2
TÈ 2
UZ 2
·L 2
·M 2
ÌM 2
ÌR 2
ÛV 2
AA 1
AI 1
AÌ 1
BÛ 1
CC 1
EX 1
EY 1
F· 1
GL 1
GÛ 1
IP 1
JÛ 1
J˙ 1
LF 1
LP 1
L· 1
MÈ 1
N· 1
NÈ 1
NÌ 1
N˙ 1
OA 1
OF 1
OH 1
OI 1
OÒ 1
PÛ 1
SL 1
TÌ 1
UG 1
UO 1
XI 1
XP 1
Y· 1
ZC 1
ZG 1
ZQ 1
ZU 1
Z· 1
·B 1
·C 1
·I 1
·P 1
·Q 1
·T 1
ÈT 1
ÈÒ 1
ÌD 1
ÌE 1
ÒE 1
ÒU 1
ÛF 1
ÛL 1
ÛR 1
ÛX 1
˙P 1
˙T 1
