394
EN 892
DE 844
ES 839
UE 807
EL 706
OS 657
QU 650
ER 633
AS 614
LA 579
RA 579
AL 544
AN 525
AD 442
RE 433
AR 426
ON 424
DO 413
SE 410
NT 408
OR 392
ST 377
TE 376
RO 375
CO 370
LE 351
TA 348
ND 324
TO 322
IN 321
LO 321
DA 316
NO 307
OD 304
IE 299
CA 296
SA 289
EC 279
AM 273
CI 272
AC 272
NA 266
LL 262
ED 258
AB 255
NE 253
MA 249
PO 249
TR 238
RI 224
BA 221
OM 220
DI 210
SD 208
SO 204
MO 198
EA 196
HA 196
UN 196
SI 195
ME 194
NC 193
OC 190
EE 184
OL 171
CE 168
PA 166
SC 166
ET 165
IS 165
CU 160
BR 158
SU 157
OE 156
EM 151
MI 151
AQ 150
OT 150
ID 147
IO 145
VE 144
AP 143
EP 142
AE 137
IC 136
OQ 136
CH 136
LI 135
SP 133
UI 133
PR 130
OP 128
OY 128
PE 128
IA 127
OA 127
AA 125
AT 125
TI 122
NI 115
NL 115
UA 113
AY 112
NS 110
VI 104
IM 102
SY 99
JO 97
SL 96
IL 94
HO 93
RD 92
GU 91
IB 91
RT 91
SQ 91
UR 91
AV 90
US 90
EG 90
GO 89
PU 89
RL 87
RM 86
GA 86
NQ 85
IR 83
LC 83
SM 83
YA 83
EV 82
MP 82
TU 82
IG 81
SS 78
EO 77
BI 75
MU 74
EY 72
ZA 71
FU 70
RS 69
AU 68
EH 68
OH 67
LG 66
LM 66
OB 66
NG 65
IT 64
FA 62
EJ 61
NU 61
UC 61
IJ 60
HI 59
EQ 59
UL 59
VA 59
LD 58
RQ 58
MB 57
MS 57
RN 55
YE 55
LU 54
RC 54
GR 54
UD 54
LT 52
AH 52
AO 52
RR 51
AF 49
PI 49
HE 49
VO 48
YP 48
SH 47
VU 47
NP 46
LP 46
JA 44
BE 44
YD 43
OF 42
AG 42
RU 42
YO 42
BU 41
LS 40
EF 40
OV 40
DR 40
DU 40
GI 40
AZ 40
FI 39
LV 39
CR 38
YC 37
EB 36
SV 36
FE 35
SN 33
EI 33
PL 32
RV 32
UM 32
YS 32
NR 31
NY 31
AJ 31
NF 31
EZ 31
UT 31
NV 30
IV 30
SF 30
AI 30
BO 30
OO 29
GN 29
GE 29
BL 28
RP 28
JE 28
YL 28
YM 28
OG 27
UY 27
NZ 26
NM 26
ZO 26
EU 25
UB 24
YT 24
SR 23
HU 23
LR 23
RY 22
UP 22
FO 22
RB 21
RG 21
JU 21
LN 21
DS 21
YN 21
IP 21
NH 21
NN 20
LF 20
OI 19
SB 18
CL 17
LQ 17
NB 17
UV 17
YQ 17
OJ 16
DD 16
YF 16
SG 15
FR 15
ZN 15
IF 14
OZ 14
IZ 13
LY 13
CT 12
YR 12
OU 11
FL 11
UG 11
DY 11
YB 11
LB 11
ZC 11
CN 10
CM 10
UZ 10
LH 9
UH 9
EX 9
UQ 9
IQ 8
RH 8
DL 8
DN 8
RJ 7
DM 7
TC 7
TN 7
TT 7
UF 7
GL 7
CS 6
DQ 6
DT 6
MT 6
YG 6
YH 6
YV 6
RF 5
RZ 5
UJ 5
UO 5
MN 5
LJ 5
YU 5
TL 4
SJ 4
MR 4
DC 4
PT 4
LZ 4
CD 4
MQ 4
ZL 4
NJ 4
PS 3
CC 3
IU 3
XC 3
XP 3
TQ 3
HQ 3
DP 3
ZD 3
TS 3
ZQ 3
BS 2
ML 2
TY 2
BJ 2
BP 2
HC 2
JP 2
XE 2
XI 2
IY 2
CZ 2
DH 2
CF 2
FC 2
BC 2
PC 2
IH 2
MD 2
PB 2
DV 2
II 2
ZH 2
BN 2
ZP 2
ZR 2
ZS 2
ZY 2
HT 1
GS 1
TH 1
CP 1
UX 1
TP 1
DF 1
JI 1
YI 1
BQ 1
HP 1
MG 1
VM 1
HS 1
HG 1
HR 1
BM 1
FB 1
TF 1
VS 1
YY 1
IX 1
NX 1
HN 1
ZE 1
ZG 1
BD 1
FS 1
GT 1
MH 1
TD 1
JD 1
XM 1
JN 1
XT 1
