789
ES 39971
UE 37226
EN 36961
DE 34355
QU 32497
OS 31183
ER 28653
EL 27406
AS 25902
LA 24242
RA 23299
AN 23241
DO 21706
AD 21090
SE 20263
ON 20243
AL 20143
AR 18962
RE 17889
NT 17226
OR 16725
ST 15883
CO 15567
TE 15567
SA 14757
ND 14703
TA 14255
NO 14142
LO 13869
LE 13800
RO 13727
IE 13162
TO 13123
OD 12381
ED 11813
DA 11576
AB 11227
CA 10861
DI 10855
AM 10802
PO 10617
EC 10371
AC 10290
ME 10181
NA 10091
LL 10015
CI 9261
NE 9214
HA 9201
NC 8742
IN 8726
TR 8691
OM 8572
MO 8465
SI 8333
MA 8270
PA 8193
EA 8181
UN 8113
OL 7767
SO 7659
SP 7472
SD 7453
EM 7362
EE 7319
BA 7207
OQ 7176
OT 7165
SU 7142
CE 7047
OC 6965
MI 6908
ÌA 6793
SC 6754
OE 6658
RI 6572
CH 6424
AQ 6386
CU 6345
OY 6213
UI 6087
VE 6083
AY 6042
AP 5931
EP 5929
ET 5856
PE 5705
JO 5696
HO 5672
IS 5566
ID 5501
TI 5375
AE 5350
OP 5321
OA 5196
AT 5016
VI 4947
NS 4837
RD 4761
IC 4743
IJ 4714
IA 4710
SQ 4635
IO 4492
SY 4412
RT 4389
IR 4351
NQ 4293
BR 4284
EV 4251
NL 4153
YA 4078
AA 4055
GA 4042
EH 3977
LI 3947
NI 3924
GU 3916
GO 3910
PU 3883
UA 3878
IÛ 3873
PR 3826
EG 3817
AV 3811
EY 3650
US 3604
SM 3565
IM 3409
EQ 3372
RL 3354
SL 3336
UR 3326
RM 3217
LC 3208
MU 3165
SS 3148
IG 3119
RC 3106
ZA 3044
YO 3032
BE 3024
IL 2982
BI 2971
TU 2914
·S 2836
RS 2835
YE 2790
RQ 2746
RR 2688
AG 2591
OB 2581
NG 2569
AH 2541
EÒ 2526
ÒO 2515
M· 2503
ÛN 2452
UC 2440
VA 2426
HE 2419
OH 2385
AU 2372
MP 2363
VO 2358
IT 2352
GR 2321
LD 2310
UD 2294
EJ 2247
LM 2227
YD 2208
FU 2197
EB 2072
JA 2058
LT 2051
NP 2049
EO 1899
NM 1897
LG 1876
PI 1863
DU 1849
BU 1820
SH 1813
NU 1804
RN 1796
HI 1741
OV 1740
LU 1739
SN 1712
MB 1708
ÈL 1697
AZ 1688
CR 1685
YC 1682
BL 1669
SÌ 1651
IB 1649
RÌ 1633
VU 1626
DR 1622
UL 1620
BÌ 1609
YS 1595
LV 1572
SV 1553
EZ 1543
LP 1528
FI 1514
JE 1505
YL 1461
EF 1447
R· 1406
·N 1400
ÒA 1395
ZO 1394
UÈ 1393
AÒ 1387
LS 1375
YP 1369
BO 1347
DÌ 1336
NV 1323
AF 1307
RP 1305
FA 1301
OF 1278
NZ 1271
IÈ 1268
AJ 1259
ÈN 1237
FE 1205
RU 1199
NF 1154
PL 1131
AO 1129
UM 1108
SR 1092
NY 1088
YM 1081
EU 1062
UY 1056
ÛS 1055
EI 1043
ÛL 1033
AI 1031
MÌ 1022
UB 1021
RÈ 1008
YQ 1004
IV 1002
ÛD 992
RY 980
JU 955
ÈS 954
OO 953
YT 920
T· 917
CÌ 899
OJ 889
RV 884
ÛE 879
RB 867
NÌ 845
ÌS 842
GE 832
NR 831
ÛA 827
SF 825
LB 817
SB 811
IP 797
GI 787
OG 787
HU 785
LR 781
YN 780
RG 774
UV 774
NH 770
LQ 766
UP 766
TÛ 742
NB 730
SG 723
CÛ 711
DD 704
NN 703
UT 694
LÌ 691
ÌD 690
OU 688
FR 682
˙N 667
ZÛ 660
UÌ 641
UG 600
FO 599
ÌN 595
IZ 593
YV 580
OZ 539
SÈ 526
IF 520
G˙ 516
SÛ 516
CL 501
L· 487
UJ 483
ÈR 482
RÛ 480
DÛ 477
ÛM 477
YH 472
OI 462
UQ 459
LH 458
ÌO 458
NÈ 451
ÌE 442
DM 434
EÈ 427
YB 427
LY 425
ÈI 417
AÌ 395
LF 391
·R 390
DQ 383
DÈ 383
ÈD 383
YR 369
LN 367
YF 361
DS 360
DY 360
GÛ 354
OÌ 352
TH 351
CT 349
ÌT 349
ÌC 346
RZ 328
IQ 316
ÌL 314
RH 312
YU 304
TÌ 299
T˙ 294
TÈ 283
ZC 277
ÛC 277
NJ 276
YY 273
RF 269
·B 269
·E 268
ÛQ 262
UZ 255
GN 252
VÌ 251
D· 250
ÌM 240
ÈC 236
AÈ 234
ÌQ 234
PÌ 232
·L 231
UH 229
U· 229
ÈQ 228
·I 225
ÌR 225
GL 224
EÌ 216
ÈE 212
IH 207
LÛ 207
·M 202
ÛP 202
ÈA 201
NÛ 198
ÈM 197
YG 193
SJ 191
DL 189
OÈ 188
EX 187
IU 187
·C 186
·T 185
FL 184
DV 181
ÈP 175
JÛ 174
·D 174
BÈ 173
ÛY 173
C· 172
DP 172
ZD 170
LJ 167
ÈY 163
ÌP 162
MÛ 160
UF 160
LZ 158
DC 157
ÌY 147
·G 145
ÒE 145
S· 144
HÌ 143
YÈ 141
ÌG 140
IY 137
YÛ 135
˙S 133
·A 129
BÛ 128
ZY 128
ÛT 126
V· 122
·P 121
DT 118
G· 117
IÒ 117
Z· 117
ÈT 116
II 114
UO 114
RJ 113
A˙ 110
ÛU 104
LÈ 103
N· 103
UÒ 103
ÌH 101
DH 100
ÈH 100
B· 99
MÈ 99
OÒ 98
·Q 98
PÛ 97
ZG 97
DN 95
H· 93
RK 93
ÌF 90
TG 86
P˙ 83
ZQ 83
G¸ 82
OX 82
WO 82
˙L 80
ÌJ 79
¸E 79
CÈ 78
ÌV 78
E· 77
YJ 77
JI 76
JÈ 75
ÒÌ 75
CC 74
M˙ 74
PT 73
ZN 73
WI 72
ZL 72
GT 71
GÈ 71
ÈJ 70
FÌ 69
VÈ 68
HT 67
TM 67
XC 67
˙M 67
EÛ 66
XX 65
XP 64
VÛ 63
HÛ 62
ÛR 61
ZE 60
P· 59
˙B 58
I· 56
·V 56
YI 55
ZS 55
F· 54
XI 53
ZM 51
ZP 51
GÌ 50
N˙ 50
FT 49
R˙ 49
TT 49
ÈG 49
EW 48
HS 48
·Y 47
ÈV 47
ÛO 47
PÈ 46
KS 45
J· 44
ZU 44
ÈB 44
TS 43
IX 42
SZ 42
˙T 41
TY 40
ÒI 39
ÌZ 38
ÈO 37
ZT 35
ÛV 35
ÛF 34
˙D 34
SW 33
·H 33
DF 32
TC 32
ÌB 32
˙P 32
DB 31
ÒÛ 30
PY 29
XV 29
·O 29
˙Q 29
OW 28
ZH 28
ÛH 28
CW 27
XT 27
FÈ 26
MS 26
O· 26
·U 26
ÛB 26
ÌU 25
ÛG 25
BS 24
HÈ 24
ÈU 24
BY 23
GH 22
JÌ 22
·J 22
˙E 22
HP 21
PP 21
WE 21
WH 21
XL 21
˙A 21
PH 20
TF 20
TP 20
VD 20
XA 20
XD 20
ÒU 20
˙V 20
L˙ 19
S˙ 19
ZB 19
HC 18
ÈF 18
FY 17
TN 17
·Z 17
˙C 17
DW 16
KE 16
ZR 16
AW 15
FP 15
HD 15
KO 15
LX 15
WA 15
XE 15
YW 15
Ò· 15
FF 14
HH 14
TL 14
ÌI 14
HF 13
KI 13
·F 13
HV 12
MW 12
NW 12
OK 12
Y· 12
ZV 12
˙H 12
˙R 12
BJ 11
HM 11
HQ 11
HR 11
KA 11
ML 11
RW 11
TD 11
AX 10
A· 10
DG 10
GP 10
J˙ 10
O˙ 10
PG 10
WW 10
ÛJ 10
CD 9
MM 9
MT 9
WS 9
ÛÈ 9
˙Y 9
FC 8
GD 8
GW 8
HL 8
MD 8
MN 8
WN 8
XM 8
YZ 8
AK 7
FÛ 7
GC 7
GS 7
HB 7
H˙ 7
TB 7
TW 7
UÛ 7
WT 7
Y˙ 7
ÛI 7
˙O 7
BC 6
BT 6
E˙ 6
HY 6
IÌ 6
MC 6
NK 6
U˙ 6
WR 6
ÒÈ 6
DJ 5
FD 5
GF 5
GM 5
HG 5
KC 5
LW 5
PS 5
XQ 5
·È 5
ÌÈ 5
ÛZ 5
BP 4
C˙ 4
D˙ 4
KB 4
KT 4
KY 4
MY 4
PW 4
TV 4
UW 4
VQ 4
WG 4
·Ò 4
ÈZ 4
¸I 4
CK 3
CP 3
CS 3
FV 3
FW 3
HN 3
KW 3
PC 3
PM 3
TQ 3
UU 3
UX 3
XO 3
XS 3
XY 3
YK 3
ZF 3
˙J 3
¸È 3
BN 2
B˙ 2
FM 2
FS 2
GB 2
GV 2
HJ 2
HW 2
I˘ 2
J¸ 2
KF 2
MH 2
R¸ 2
WB 2
WC 2
ZI 2
ÈÈ 2
ÈÒ 2
ÌÌ 2
ÔE 2
ÛÒ 2
˙F 2
˙G 2
˙Z 2
BD 1
BM 1
BQ 1
CB 1
CM 1
CN 1
CQ 1
CY 1
DK 1
DÔ 1
EK 1
FH 1
FN 1
FÔ 1
F˙ 1
GY 1
GÔ 1
HZ 1
JQ 1
JY 1
KD 1
KL 1
KM 1
KN 1
KP 1
KU 1
LK 1
MF 1
MG 1
MQ 1
NX 1
PD 1
PN 1
R‡ 1
SK 1
SÒ 1
TX 1
TÔ 1
VC 1
WD 1
WF 1
WP 1
WY 1
XH 1
XN 1
XR 1
YÌ 1
ZJ 1
ZZ 1
‡C 1
·Ì 1
ÔA 1
ÔÛ 1
˘C 1
˘D 1
˙I 1
